<?xml version="1.0" encoding="UTF-8"?>
<testsuite name="ATMTest" tests="1" skipped="0" failures="0" errors="0" timestamp="2020-12-01T16:40:15" hostname="DESKTOP-O4T6UJ0" time="0.003">
  <properties/>
  <testcase name="isBalanceCorrect" classname="ATMTest" time="0.003"/>
  <system-out><![CDATA[]]></system-out>
  <system-err><![CDATA[]]></system-err>
</testsuite>
